<?xml version="1.0" encoding="UTF-8" ?>
<testsuite tests="17" failures="0" name="com.mycompany.task1.LoginIT" time="0.002" errors="0" skipped="0">
  <properties>
    <property name="java.runtime.name" value="Java(TM) SE Runtime Environment"/>
    <property name="java.vm.version" value="18+36-2087"/>
    <property name="sun.boot.library.path" value="D:\Java script cash course\bin"/>
    <property name="maven.multiModuleProjectDirectory" value="C:\Users\sibus\Documents\School\PROG\Task 3\Task3"/>
    <property name="java.vm.vendor" value="Oracle Corporation"/>
    <property name="java.vendor.url" value="https://java.oracle.com/"/>
    <property name="guice.disable.misplaced.annotation.check" value="true"/>
    <property name="path.separator" value=";"/>
    <property name="java.vm.name" value="Java HotSpot(TM) 64-Bit Server VM"/>
    <property name="sun.os.patch.level" value=""/>
    <property name="user.script" value=""/>
    <property name="user.country" value="ZA"/>
    <property name="sun.java.launcher" value="SUN_STANDARD"/>
    <property name="test" value="com.mycompany.task1.LoginIT"/>
    <property name="java.vm.specification.name" value="Java Virtual Machine Specification"/>
    <property name="user.dir" value="C:\Users\sibus\Documents\School\PROG\Task 3\Task3"/>
    <property name="java.vm.compressedOopsMode" value="32-bit"/>
    <property name="java.runtime.version" value="18+36-2087"/>
    <property name="os.arch" value="amd64"/>
    <property name="java.io.tmpdir" value="C:\Users\sibus\AppData\Local\Temp\"/>
    <property name="line.separator" value="
"/>
    <property name="java.vm.specification.vendor" value="Oracle Corporation"/>
    <property name="user.variant" value=""/>
    <property name="os.name" value="Windows 10"/>
    <property name="maven.ext.class.path" value="D:\Java script cash course\NetBeans-13\netbeans\java\maven-nblib\netbeans-eventspy.jar"/>
    <property name="classworlds.conf" value="D:\Java script cash course\NetBeans-13\netbeans\java\maven\bin\m2.conf"/>
    <property name="sun.jnu.encoding" value="Cp1252"/>
    <property name="java.library.path" value="D:\Java script cash course\bin;C:\Windows\Sun\Java\bin;C:\Windows\system32;C:\Windows;C:\Program Files\Common Files\Oracle\Java\javapath;C:\Windows\system32;C:\Windows;C:\Windows\System32\Wbem;C:\Windows\System32\WindowsPowerShell\v1.0\;C:\Windows\System32\OpenSSH\;C:\Program Files\Java\jdk-15.0.1\bin;C:\Program Files\dotnet\;D:\Games\Git\cmd;C:\Users\sibus\AppData\Local\Microsoft\WindowsApps;C:\Users\sibus\AppData\Local\GitHubDesktop\bin;."/>
    <property name="maven.conf" value="D:\Java script cash course\NetBeans-13\netbeans\java\maven/conf"/>
    <property name="jdk.debug" value="release"/>
    <property name="java.class.version" value="62.0"/>
    <property name="java.specification.name" value="Java Platform API Specification"/>
    <property name="sun.management.compiler" value="HotSpot 64-Bit Tiered Compilers"/>
    <property name="os.version" value="10.0"/>
    <property name="library.jansi.path" value="D:\Java script cash course\NetBeans-13\netbeans\java\maven\lib\jansi-native"/>
    <property name="user.home" value="C:\Users\sibus"/>
    <property name="user.timezone" value="Africa/Johannesburg"/>
    <property name="file.encoding" value="UTF-8"/>
    <property name="java.specification.version" value="18"/>
    <property name="user.name" value="sibus"/>
    <property name="java.class.path" value="D:\Java script cash course\NetBeans-13\netbeans\java\maven\boot\plexus-classworlds-2.6.0.jar"/>
    <property name="java.vm.specification.version" value="18"/>
    <property name="sun.arch.data.model" value="64"/>
    <property name="sun.java.command" value="org.codehaus.plexus.classworlds.launcher.Launcher -Dtest=com.mycompany.task1.LoginIT -Dmaven.ext.class.path=D:\Java script cash course\NetBeans-13\netbeans\java\maven-nblib\netbeans-eventspy.jar surefire:test"/>
    <property name="java.home" value="D:\Java script cash course"/>
    <property name="user.language" value="en"/>
    <property name="java.specification.vendor" value="Oracle Corporation"/>
    <property name="java.vm.info" value="mixed mode, sharing"/>
    <property name="java.version" value="18"/>
    <property name="native.encoding" value="Cp1252"/>
    <property name="java.vendor" value="Oracle Corporation"/>
    <property name="maven.home" value="D:\Java script cash course\NetBeans-13\netbeans\java\maven"/>
    <property name="file.separator" value="\"/>
    <property name="java.version.date" value="2022-03-22"/>
    <property name="java.vendor.url.bug" value="https://bugreport.java.com/bugreport/"/>
    <property name="sun.io.unicode.encoding" value="UnicodeLittle"/>
    <property name="sun.cpu.endian" value="little"/>
    <property name="sun.cpu.isalist" value="amd64"/>
  </properties>
  <testcase classname="com.mycompany.task1.LoginIT" name="com.mycompany.task1.LoginIT.testSetUserName" time="0.001"/>
  <testcase classname="com.mycompany.task1.LoginIT" name="com.mycompany.task1.LoginIT.testSetPassword" time="0"/>
  <testcase classname="com.mycompany.task1.LoginIT" name="com.mycompany.task1.LoginIT.testGetUserName" time="0"/>
  <testcase classname="com.mycompany.task1.LoginIT" name="com.mycompany.task1.LoginIT.testSetFirstName" time="0"/>
  <testcase classname="com.mycompany.task1.LoginIT" name="com.mycompany.task1.LoginIT.testSetSurname" time="0"/>
  <testcase classname="com.mycompany.task1.LoginIT" name="com.mycompany.task1.LoginIT.testGetLastName" time="0"/>
  <testcase classname="com.mycompany.task1.LoginIT" name="com.mycompany.task1.LoginIT.testCheckUserName" time="0"/>
  <testcase classname="com.mycompany.task1.LoginIT" name="com.mycompany.task1.LoginIT.testRegisterUser" time="0.001"/>
  <testcase classname="com.mycompany.task1.LoginIT" name="com.mycompany.task1.LoginIT.testLoginUser" time="0"/>
  <testcase classname="com.mycompany.task1.LoginIT" name="com.mycompany.task1.LoginIT.testGetPassword" time="0"/>
  <testcase classname="com.mycompany.task1.LoginIT" name="com.mycompany.task1.LoginIT.testGetFirstName" time="0"/>
  <testcase classname="com.mycompany.task1.LoginIT" name="com.mycompany.task1.LoginIT.testSetLoginUserName" time="0"/>
  <testcase classname="com.mycompany.task1.LoginIT" name="com.mycompany.task1.LoginIT.testSetLoginPassword" time="0"/>
  <testcase classname="com.mycompany.task1.LoginIT" name="com.mycompany.task1.LoginIT.testGetLoginUserName" time="0"/>
  <testcase classname="com.mycompany.task1.LoginIT" name="com.mycompany.task1.LoginIT.testCheckPasswordComplexity" time="0"/>
  <testcase classname="com.mycompany.task1.LoginIT" name="com.mycompany.task1.LoginIT.testReturnLoginStatus" time="0"/>
  <testcase classname="com.mycompany.task1.LoginIT" name="com.mycompany.task1.LoginIT.testGetLoginPassword" time="0"/>
</testsuite>